Build started 2/27/2012 11:48:04 PM.
     1>Project "I:\Programming\Dropbox Content\demo\VisualStudio\demo.vcxproj" on node 2 (build target(s)).
     1>InitializeBuildStatus:
         Creating "Release\demo.unsuccessfulbuild" because "AlwaysCreate" was specified.
       ClCompile:
         C:\Program Files (x86)\Microsoft Visual Studio 10.0\VC\bin\CL.exe /c /I..\include /Zi /nologo /W3 /WX- /O2 /Oi /Oy- /GL /D WIN32 /D NDEBUG /D _CONSOLE /D _UNICODE /D UNICODE /Gm- /EHsc /MD /GS /Gy /fp:precise /Zc:wchar_t /Zc:forScope /Fo"Release\\" /Fd"Release\vc100.pdb" /Gd /TP /analyze- /errorReport:prompt ..\src\main.cpp ..\src\node.cpp ..\src\search.cpp
         main.cpp
         node.cpp
         search.cpp
       Link:
         C:\Program Files (x86)\Microsoft Visual Studio 10.0\VC\bin\link.exe /ERRORREPORT:PROMPT /OUT:"I:\Programming\Dropbox Content\demo\VisualStudio\\..\bin\demo.exe" /INCREMENTAL:NO /NOLOGO /LIBPATH:..\lib ../lib/OpenThreads.lib ../lib/osg.lib ../lib/osgAnimation.lib ../lib/osgDB.lib ../lib/osgFX.lib ../lib/osgParticle.lib ../lib/osgShadow.lib ../lib/osgManipulator.lib ../lib/osgText.lib ../lib/osgUtil.lib ../lib/osgViewer.lib ../lib/osgGA.lib glu32.lib opengl32.lib kernel32.lib user32.lib gdi32.lib winspool.lib comdlg32.lib advapi32.lib shell32.lib ole32.lib oleaut32.lib uuid.lib odbc32.lib odbccp32.lib /MANIFEST /ManifestFile:"Release\demo.exe.intermediate.manifest" /MANIFESTUAC:"level='asInvoker' uiAccess='false'" /DEBUG /PDB:"I:\Programming\Dropbox Content\demo\bin\demo.pdb" /SUBSYSTEM:CONSOLE /OPT:REF /OPT:ICF /LTCG /TLBID:1 /DYNAMICBASE /NXCOMPAT /IMPLIB:"I:\Programming\Dropbox Content\demo\VisualStudio\\..\bin\demo.lib" /MACHINE:X86 Release\main.obj
         Release\node.obj
         Release\search.obj
         Release\stdafx.obj
         Generating code
         Finished generating code
         demo.vcxproj -> I:\Programming\Dropbox Content\demo\VisualStudio\\..\bin\demo.exe
       Manifest:
         C:\Program Files (x86)\Microsoft SDKs\Windows\v7.0A\bin\mt.exe /nologo /verbose /outputresource:"I:\Programming\Dropbox Content\demo\VisualStudio\\..\bin\demo.exe;#1" /manifest Release\demo.exe.intermediate.manifest
       FinalizeBuildStatus:
         Deleting file "Release\demo.unsuccessfulbuild".
         Touching "Release\demo.lastbuildstate".
     1>Done Building Project "I:\Programming\Dropbox Content\demo\VisualStudio\demo.vcxproj" (build target(s)).

Build succeeded.

Time Elapsed 00:00:10.31
